<?xml version="1.0" encoding="UTF-8"?>
<!-- Generated by org.testng.reporters.JUnitXMLReporter -->
<testsuite ignored="18" hostname="PBLAP761" failures="0" tests="1" name="Test" time="65.283" errors="0" timestamp="2021-12-21T10:00:55 IST">
  <testcase classname="com.policybazaar.qa.testCases.PolicyBazaarYourDetailPageTestCase" name="validateFUllName" time="56.065"/>
  <testcase classname="com.policybazaar.qa.testCases.PolicyBazaarYourDetailPageTestCase" name="validateEduation" time="0.0">
    <ignored/>
  </testcase> <!-- validateEduation -->
  <testcase classname="com.policybazaar.qa.testCases.PolicyBazaarYourDetailPageTestCase" name="validateProductPageLogo" time="0.0">
    <ignored/>
  </testcase> <!-- validateProductPageLogo -->
  <testcase classname="com.policybazaar.qa.testCases.PolicyBazaarPreQuotesPageTestCase" name="verifyLoginPageWithCredentials" time="0.0">
    <ignored/>
  </testcase> <!-- verifyLoginPageWithCredentials -->
  <testcase classname="com.policybazaar.qa.testCases.PolicyBazaarQuotesPageTestCase" name="validateCloseBtn" time="0.0">
    <ignored/>
  </testcase> <!-- validateCloseBtn -->
  <testcase classname="com.policybazaar.qa.base.Test_Base" name="@BeforeSuite beforSuite" time="0.0">
    <ignored/>
  </testcase> <!-- @BeforeSuite beforSuite -->
  <testcase classname="com.policybazaar.qa.base.Test_Base" name="@BeforeSuite beforSuite" time="0.0">
    <ignored/>
  </testcase> <!-- @BeforeSuite beforSuite -->
  <testcase classname="com.policybazaar.qa.base.Test_Base" name="@BeforeSuite beforSuite" time="0.0">
    <ignored/>
  </testcase> <!-- @BeforeSuite beforSuite -->
  <testcase classname="com.policybazaar.qa.testCases.PolicyBazaarYourDetailPageTestCase" name="vaidatePayForAge" time="0.0">
    <ignored/>
  </testcase> <!-- vaidatePayForAge -->
  <testcase classname="com.policybazaar.qa.testCases.PolicyBazaarYourDetailPageTestCase" name="validateProductPage" time="0.0">
    <ignored/>
  </testcase> <!-- validateProductPage -->
  <testcase classname="com.policybazaar.qa.testCases.PolicyBazaarYourDetailPageTestCase" name="validateModeOfPremium" time="0.0">
    <ignored/>
  </testcase> <!-- validateModeOfPremium -->
  <testcase classname="com.policybazaar.qa.testCases.PolicyBazaarYourDetailPageTestCase" name="validateEmail" time="0.0">
    <ignored/>
  </testcase> <!-- validateEmail -->
  <testcase classname="com.policybazaar.qa.testCases.PolicyBazaarYourDetailPageTestCase" name="validateLifeCoverValue" time="0.0">
    <ignored/>
  </testcase> <!-- validateLifeCoverValue -->
  <testcase classname="com.policybazaar.qa.testCases.PolicyBazaarYourDetailPageTestCase" name="validateCoverTillAge" time="0.0">
    <ignored/>
  </testcase> <!-- validateCoverTillAge -->
  <testcase classname="com.policybazaar.qa.base.Test_Base" name="@AfterSuite afterSuite" time="0.0">
    <ignored/>
  </testcase> <!-- @AfterSuite afterSuite -->
  <testcase classname="com.policybazaar.qa.base.Test_Base" name="@AfterSuite afterSuite" time="0.0">
    <ignored/>
  </testcase> <!-- @AfterSuite afterSuite -->
  <testcase classname="com.policybazaar.qa.base.Test_Base" name="@AfterSuite afterSuite" time="0.0">
    <ignored/>
  </testcase> <!-- @AfterSuite afterSuite -->
  <testcase classname="com.policybazaar.qa.testCases.PolicyBazaarYourDetailPageTestCase" name="validateAnnualIncome" time="0.0">
    <ignored/>
  </testcase> <!-- validateAnnualIncome -->
  <testcase classname="com.policybazaar.qa.testCases.PolicyBazaarYourDetailPageTestCase" name="validateOccupation" time="0.0">
    <ignored/>
  </testcase> <!-- validateOccupation -->
</testsuite> <!-- Test -->
