<?xml version="1.0" encoding="UTF-8"?>
<!-- Generated by org.testng.reporters.JUnitXMLReporter -->
<testsuite hostname="DESKTOP-S8SMOAJ" ignored="0" name="Default test" tests="3" failures="0" timestamp="2021-08-03T12:29:32 IST" time="1.35" errors="0">
  <testcase name="Test_01" time="0.009" classname="Parameterization.TestNGParameterizationExcel"/>
  <testcase name="Test_01" time="0.006" classname="Parameterization.TestNGParameterizationExcel"/>
  <testcase name="Test_01" time="0.006" classname="Parameterization.TestNGParameterizationExcel"/>
</testsuite> <!-- Default test -->
