<?xml version="1.0" encoding="UTF-8"?>
<!-- Generated by org.testng.reporters.JUnitXMLReporter -->
<testsuite hostname="PBLAP761" ignored="25" name="Sanity_TestCases" tests="5" failures="0" timestamp="2022-02-10T15:43:22 IST" time="585.646" errors="0">
  <testcase name="verifyLoginPageWithCredentials" time="6.179" classname="com.policybazaar.qa.TermTestCases.PolicyBazaarTermPreQuotesPageTestCase"/>
  <testcase name="validateClickOnProduct" time="74.033" classname="com.policybazaar.qa.TermTestCases.PolicyBazaarTermQuotesPageTestCase"/>
  <testcase name="validateDetailPage" time="144.155" classname="com.policybazaar.qa.TermTestCases.PolicyBazaarYourDetailPageTestCase"/>
  <testcase name="validateCountryDetail" time="153.731" classname="com.policybazaar.qa.TermTestCases.PolicyBazaarCountryDetailPageTestCase"/>
  <testcase name="validateUpgradePlanPage" time="157.41" classname="com.policybazaar.qa.TermTestCases.PolicyBazaarUpgradePlanPageTestCase"/>
  <testcase name="@BeforeSuite beforSuite" time="0.0" classname="com.policybazaar.qa.base.Test_Base">
    <ignored/>
  </testcase> <!-- @BeforeSuite beforSuite -->
  <testcase name="@BeforeSuite beforSuite" time="0.0" classname="com.policybazaar.qa.base.Test_Base">
    <ignored/>
  </testcase> <!-- @BeforeSuite beforSuite -->
  <testcase name="@BeforeSuite beforSuite" time="0.0" classname="com.policybazaar.qa.base.Test_Base">
    <ignored/>
  </testcase> <!-- @BeforeSuite beforSuite -->
  <testcase name="@BeforeSuite beforSuite" time="0.0" classname="com.policybazaar.qa.base.Test_Base">
    <ignored/>
  </testcase> <!-- @BeforeSuite beforSuite -->
  <testcase name="validateModeOfPremium" time="0.0" classname="com.policybazaar.qa.TermTestCases.PolicyBazaarYourDetailPageTestCase">
    <ignored/>
  </testcase> <!-- validateModeOfPremium -->
  <testcase name="validateCoverTillAge" time="0.0" classname="com.policybazaar.qa.TermTestCases.PolicyBazaarYourDetailPageTestCase">
    <ignored/>
  </testcase> <!-- validateCoverTillAge -->
  <testcase name="validateLifeCoverValue" time="0.0" classname="com.policybazaar.qa.TermTestCases.PolicyBazaarYourDetailPageTestCase">
    <ignored/>
  </testcase> <!-- validateLifeCoverValue -->
  <testcase name="validateCoverTillAgeWithWholeLife" time="0.0" classname="com.policybazaar.qa.TermTestCases.PolicyBazaarUpgradePlanPageTestCase">
    <ignored/>
  </testcase> <!-- validateCoverTillAgeWithWholeLife -->
  <testcase name="validateNomineeOpton" time="0.0" classname="com.policybazaar.qa.TermTestCases.PolicyBazaarUpgradePlanPageTestCase">
    <ignored/>
  </testcase> <!-- validateNomineeOpton -->
  <testcase name="validateProductPageLogo" time="0.0" classname="com.policybazaar.qa.TermTestCases.PolicyBazaarYourDetailPageTestCase">
    <ignored/>
  </testcase> <!-- validateProductPageLogo -->
  <testcase name="vaidatePayForAge" time="0.0" classname="com.policybazaar.qa.TermTestCases.PolicyBazaarYourDetailPageTestCase">
    <ignored/>
  </testcase> <!-- vaidatePayForAge -->
  <testcase name="validateSaveMoneyOption" time="0.0" classname="com.policybazaar.qa.TermTestCases.PolicyBazaarUpgradePlanPageTestCase">
    <ignored/>
  </testcase> <!-- validateSaveMoneyOption -->
  <testcase name="validateEduation" time="0.0" classname="com.policybazaar.qa.TermTestCases.PolicyBazaarYourDetailPageTestCase">
    <ignored/>
  </testcase> <!-- validateEduation -->
  <testcase name="validateEmail" time="0.0" classname="com.policybazaar.qa.TermTestCases.PolicyBazaarYourDetailPageTestCase">
    <ignored/>
  </testcase> <!-- validateEmail -->
  <testcase name="validatePinCode" time="0.0" classname="com.policybazaar.qa.TermTestCases.PolicyBazaarCountryDetailPageTestCase">
    <ignored/>
  </testcase> <!-- validatePinCode -->
  <testcase name="validateCity" time="0.0" classname="com.policybazaar.qa.TermTestCases.PolicyBazaarCountryDetailPageTestCase">
    <ignored/>
  </testcase> <!-- validateCity -->
  <testcase name="validateFUllName" time="0.0" classname="com.policybazaar.qa.TermTestCases.PolicyBazaarYourDetailPageTestCase">
    <ignored/>
  </testcase> <!-- validateFUllName -->
  <testcase name="validateOccupation" time="0.0" classname="com.policybazaar.qa.TermTestCases.PolicyBazaarYourDetailPageTestCase">
    <ignored/>
  </testcase> <!-- validateOccupation -->
  <testcase name="validatePlanOpton" time="0.0" classname="com.policybazaar.qa.TermTestCases.PolicyBazaarUpgradePlanPageTestCase">
    <ignored/>
  </testcase> <!-- validatePlanOpton -->
  <testcase name="@AfterSuite afterSuite" time="0.0" classname="com.policybazaar.qa.base.Test_Base">
    <ignored/>
  </testcase> <!-- @AfterSuite afterSuite -->
  <testcase name="@AfterSuite afterSuite" time="0.0" classname="com.policybazaar.qa.base.Test_Base">
    <ignored/>
  </testcase> <!-- @AfterSuite afterSuite -->
  <testcase name="@AfterSuite afterSuite" time="0.0" classname="com.policybazaar.qa.base.Test_Base">
    <ignored/>
  </testcase> <!-- @AfterSuite afterSuite -->
  <testcase name="@AfterSuite afterSuite" time="0.0" classname="com.policybazaar.qa.base.Test_Base">
    <ignored/>
  </testcase> <!-- @AfterSuite afterSuite -->
  <testcase name="validatePremiumWithWholeLife" time="0.0" classname="com.policybazaar.qa.TermTestCases.PolicyBazaarUpgradePlanPageTestCase">
    <ignored/>
  </testcase> <!-- validatePremiumWithWholeLife -->
  <testcase name="validateAnnualIncome" time="0.0" classname="com.policybazaar.qa.TermTestCases.PolicyBazaarYourDetailPageTestCase">
    <ignored/>
  </testcase> <!-- validateAnnualIncome -->
</testsuite> <!-- Sanity_TestCases -->
